<?xml version="1.0" encoding="UTF-8"?>
<!-- Generated by org.testng.reporters.JUnitReportReporter -->
<testsuite skipped="0" hostname="LTIN170204" name="com.flipkart.TestCase.TC01_Login" tests="3" failures="0" timestamp="2020-08-01T11:33:16 IST" time="12.725" errors="0">
  <testcase name="loginUser" time="0.550" classname="com.flipkart.TestCase.TC01_Login"/>
  <system-out/>
  <testcase name="searchAndSelectProduct" time="6.889" classname="com.flipkart.TestCase.TC01_Login"/>
  <system-out/>
  <testcase name="purchaseProduct" time="5.286" classname="com.flipkart.TestCase.TC01_Login"/>
  <system-out/>
</testsuite> <!-- com.flipkart.TestCase.TC01_Login -->
