<?xml version="1.0" encoding="UTF-8"?>
<!-- Generated by org.testng.reporters.JUnitReportReporter -->
<testsuite skipped="0" hostname="LTIN170204" name="com.flipkart.TestCase.TC_PurchaseProduct" tests="3" failures="0" timestamp="2020-08-01T15:45:26 IST" time="26.885" errors="0">
  <testcase name="loginUser" time="1.004" classname="com.flipkart.TestCase.TC_PurchaseProduct"/>
  <system-out/>
  <testcase name="searchAndSelectProduct" time="3.819" classname="com.flipkart.TestCase.TC_PurchaseProduct"/>
  <system-out/>
  <testcase name="purchaseProduct" time="22.062" classname="com.flipkart.TestCase.TC_PurchaseProduct"/>
  <system-out/>
</testsuite> <!-- com.flipkart.TestCase.TC_PurchaseProduct -->
