<?xml version="1.0" encoding="UTF-8"?>
<!-- Generated by org.testng.reporters.JUnitReportReporter -->
<testsuite skipped="0" hostname="LTIN170204" name="com.flipkart.HomePage" tests="1" failures="0" timestamp="2020-07-31T00:17:56 IST" time="30.057" errors="0">
  <testcase name="loginUser" time="30.057" classname="com.flipkart.HomePage"/>
  <system-out/>
</testsuite> <!-- com.flipkart.HomePage -->
