<?xml version="1.0" encoding="UTF-8"?>
<!-- Generated by org.testng.reporters.JUnitReportReporter -->
<testsuite skipped="0" hostname="LTIN170204" name="com.flipkart.TestCase.TC_PurchaseProduct" tests="3" failures="0" timestamp="2020-08-03T13:03:00 IST" time="22.888" errors="0">
  <testcase name="searchAndSelectProduct" time="5.063" classname="com.flipkart.TestCase.TC_PurchaseProduct"/>
  <system-out/>
  <testcase name="purchaseProduct" time="16.851" classname="com.flipkart.TestCase.TC_PurchaseProduct"/>
  <system-out/>
  <testcase name="loginUser" time="0.974" classname="com.flipkart.TestCase.TC_PurchaseProduct"/>
  <system-out/>
</testsuite> <!-- com.flipkart.TestCase.TC_PurchaseProduct -->
